<?xml version="1.0" encoding="UTF-8"?>
<testsuite name="LinkListTest" tests="1" skipped="0" failures="0" errors="0" timestamp="2021-04-11T15:27:17" hostname="LAPTOP-22472JL6" time="0.045">
  <properties/>
  <testcase name="whenPassThreeNumber_LinkedListShouldPassedTest()" classname="LinkListTest" time="0.045"/>
  <system-out><![CDATA[]]></system-out>
  <system-err><![CDATA[]]></system-err>
</testsuite>
